'foo'
"bar"

'bar'
"\xA9" // "©"

'©'
"\u00A9" // "©"

'©'
"\u{2F804}"

// the same with simple Unicode escapes
"\uD87E\uDC04"

'你'
const foo = new String("foo"); // Creates a String object
console.log(foo); // [String: 'foo']
typeof foo; // 'object'

VM30:2 String {'foo'}
'object'
const firstString = "2 + 2"; // Creates a string literal value
const secondString = new String("2 + 2"); // Creates a String object
eval(firstString); // Returns the number 4
eval(secondString); // Returns a String object containing "2 + 2"

VM34:3 Uncaught EvalError: Refused to evaluate a string as JavaScript because 'unsafe-eval' is not an allowed source of script in the following Content Security Policy directive: "script-src 'report-sample' 'self' www.google-analytics.com/analytics.js assets.codepen.io production-assets.codepen.io https://js.stripe.com 'sha256-uogddBLIKmJa413dyT0iPejBg3VFcO+4x6B+vw3jng0=' 'sha256-EehWlTYp7Bqy57gDeQttaWKp0ukTTEUKGP44h8GVeik='".

    at <anonymous>:3:6
(anonymous) @ VM34:3
const hello = "Hello, World!";
const helloLength = hello.length;
hello[0] = "L"; // This has no effect, because strings are immutable
hello[0]; // This returns "H"

'H'
console.log(
  "string text line 1\n\
string text line 2",
);
// "string text line 1
// string text line 2"

VM42:1 string text line 1
string text line 2
undefined
console.log(`string text line 1
string text line 2`);
// "string text line 1
// string text line 2"

VM46:1 string text line 1
string text line 2
undefined
const five = 5;
const ten = 10;
console.log(
  "Fifteen is " + (five + ten) + " and not " + (2 * five + ten) + ".",
);
// "Fifteen is 15 and not 20."

VM50:3 Fifteen is 15 and not 20.
undefined
const five = 5;
const ten = 10;
console.log(`Fifteen is ${five + ten} and not ${2 * five + ten}.`);
// "Fifteen is 15 and not 20."

VM54:3 Fifteen is 15 and not 20.
undefined
